<?xml version="1.0" encoding="UTF-8"?>
<!-- Generated by org.testng.reporters.JUnitReportReporter -->
<testsuite hostname="LAPTOP-C4GO84FG" failures="0" tests="1" name="com.TestNG.pckg.ExceptionTimeOutTest" time="2.017" errors="1" timestamp="18 May 2019 19:31:09 GMT" skipped="0">
  <testcase classname="com.TestNG.pckg.ExceptionTimeOutTest" name="infiniteLoopTest" time="2.017">
    <error message="Method com.TestNG.pckg.ExceptionTimeOutTest.infiniteLoopTest() didn&#039;t finish within the time-out 2000" type="org.testng.internal.thread.ThreadTimeoutException">
      <![CDATA[org.testng.internal.thread.ThreadTimeoutException: Method com.TestNG.pckg.ExceptionTimeOutTest.infiniteLoopTest() didn't finish within the time-out 2000
at java.base@11.0.2/sun.nio.cs.SingleByte$Encoder.encodeArrayLoop(SingleByte.java:198)
at java.base@11.0.2/sun.nio.cs.SingleByte$Encoder.encodeLoop(SingleByte.java:232)
at java.base@11.0.2/java.nio.charset.CharsetEncoder.encode(CharsetEncoder.java:576)
at java.base@11.0.2/sun.nio.cs.StreamEncoder.implWrite(StreamEncoder.java:292)
at java.base@11.0.2/sun.nio.cs.StreamEncoder.implWrite(StreamEncoder.java:281)
at java.base@11.0.2/sun.nio.cs.StreamEncoder.write(StreamEncoder.java:125)
at java.base@11.0.2/java.io.OutputStreamWriter.write(OutputStreamWriter.java:211)
at java.base@11.0.2/java.io.BufferedWriter.flushBuffer(BufferedWriter.java:120)
at java.base@11.0.2/java.io.PrintStream.newLine(PrintStream.java:624)
at java.base@11.0.2/java.io.PrintStream.println(PrintStream.java:813)
at app//com.TestNG.pckg.ExceptionTimeOutTest.infiniteLoopTest(ExceptionTimeOutTest.java:13)
at java.base@11.0.2/jdk.internal.reflect.NativeMethodAccessorImpl.invoke0(Native Method)
at java.base@11.0.2/jdk.internal.reflect.NativeMethodAccessorImpl.invoke(NativeMethodAccessorImpl.java:62)
at java.base@11.0.2/jdk.internal.reflect.DelegatingMethodAccessorImpl.invoke(DelegatingMethodAccessorImpl.java:43)
at java.base@11.0.2/java.lang.reflect.Method.invoke(Method.java:566)
at app//org.testng.internal.MethodInvocationHelper.invokeMethod(MethodInvocationHelper.java:124)
at app//org.testng.internal.InvokeMethodRunnable.runOne(InvokeMethodRunnable.java:54)
at app//org.testng.internal.InvokeMethodRunnable.run(InvokeMethodRunnable.java:44)
at java.base@11.0.2/java.util.concurrent.Executors$RunnableAdapter.call(Executors.java:515)
at java.base@11.0.2/java.util.concurrent.FutureTask.run(FutureTask.java:264)
at java.base@11.0.2/java.util.concurrent.ThreadPoolExecutor.runWorker(ThreadPoolExecutor.java:1128)
at java.base@11.0.2/java.util.concurrent.ThreadPoolExecutor$Worker.run(ThreadPoolExecutor.java:628)
at java.base@11.0.2/java.lang.Thread.run(Thread.java:834)
]]>
    </error>
  </testcase> <!-- infiniteLoopTest -->
</testsuite> <!-- com.TestNG.pckg.ExceptionTimeOutTest -->
