<html>
<head>
<title>TestNG:  Test</title>
<link href="../testng.css" rel="stylesheet" type="text/css" />
<link href="../my-testng.css" rel="stylesheet" type="text/css" />

<style type="text/css">
.log { display: none;} 
.stack-trace { display: none;} 
</style>
<script type="text/javascript">
<!--
function flip(e) {
  current = e.style.display;
  if (current == 'block') {
    e.style.display = 'none';
    return 0;
  }
  else {
    e.style.display = 'block';
    return 1;
  }
}

function toggleBox(szDivId, elem, msg1, msg2)
{
  var res = -1;  if (document.getElementById) {
    res = flip(document.getElementById(szDivId));
  }
  else if (document.all) {
    // this is the way old msie versions work
    res = flip(document.all[szDivId]);
  }
  if(elem) {
    if(res == 0) elem.innerHTML = msg1; else elem.innerHTML = msg2;
  }

}

function toggleAllBoxes() {
  if (document.getElementsByTagName) {
    d = document.getElementsByTagName('div');
    for (i = 0; i < d.length; i++) {
      if (d[i].className == 'log') {
        flip(d[i]);
      }
    }
  }
}

// -->
</script>

</head>
<body>
<h2 align='center'>Test</h2><table border='1' align="center">
<tr>
<td>Tests passed/Failed/Skipped:</td><td>14/2/0</td>
</tr><tr>
<td>Started on:</td><td>Sun May 19 00:59:28 IST 2019</td>
</tr>
<tr><td>Total time:</td><td>35 seconds (35763 ms)</td>
</tr><tr>
<td>Included groups:</td><td></td>
</tr><tr>
<td>Excluded groups:</td><td></td>
</tr>
</table><p/>
<small><i>(Hover the method name to see the test class name)</i></small><p/>
<table width='100%' border='1' class='invocation-failed'>
<tr><td colspan='4' align='center'><b>FAILED TESTS</b></td></tr>
<tr><td><b>Test method</b></td>
<td width="30%"><b>Exception</b></td>
<td width="10%"><b>Time (seconds)</b></td>
<td><b>Instance</b></td>
</tr>
<tr>
<td title='com.TestNG.pckg.ExceptionTimeOutTest.infiniteLoopTest()'><b>infiniteLoopTest</b><br>Test class: com.TestNG.pckg.ExceptionTimeOutTest</td>
<td><div><pre>org.testng.internal.thread.ThreadTimeoutException: Method com.TestNG.pckg.ExceptionTimeOutTest.infiniteLoopTest() didn&apos;t finish within the time-out 2000
	at java.base@11.0.2/java.io.FileOutputStream.writeBytes(Native Method)
	at java.base@11.0.2/java.io.FileOutputStream.write(FileOutputStream.java:354)
	at java.base@11.0.2/java.io.BufferedOutputStream.flushBuffer(BufferedOutputStream.java:81)
	at java.base@11.0.2/java.io.BufferedOutputStream.flush(BufferedOutputStream.java:142)
	at java.base@11.0.2/java.io.PrintStream.write(PrintStream.java:561)
	at java.base@11.0.2/sun.nio.cs.StreamEncoder.writeBytes(StreamEncoder.java:233)
	at java.base@11.0.2/sun.nio.cs.StreamEncoder.implFlushBuffer(StreamEncoder.java:312)
	at java.base@11.0.2/sun.nio.cs.StreamEncoder.flushBuffer(StreamEncoder.java:104)
	at java.base@11.0.2/java.io.OutputStreamWriter.flushBuffer(OutputStreamWriter.java:184)
	at java.base@11.0.2/java.io.PrintStream.write(PrintStream.java:606)
	at java.base@11.0.2/java.io.PrintStream.print(PrintStream.java:676)
	at java.base@11.0.2/java.io.PrintStream.println(PrintStream.java:812)
	at app//com.TestNG.pckg.ExceptionTimeOutTest.infiniteLoopTest(ExceptionTimeOutTest.java:13)
	at java.base@11.0.2/java.util.concurrent.Executors$RunnableAdapter.call(Executors.java:515)
	at java.base@11.0.2/java.util.concurrent.FutureTask.run(FutureTask.java:264)
	at java.base@11.0.2/java.util.concurrent.ThreadPoolExecutor.runWorker(ThreadPoolExecutor.java:1128)
	at java.base@11.0.2/java.util.concurrent.ThreadPoolExecutor$Worker.run(ThreadPoolExecutor.java:628)
	at java.base@11.0.2/java.lang.Thread.run(Thread.java:834)
... Removed 7 stack frames</pre></div><a href='#' onClick='toggleBox("stack-trace843867341", this, "Click to show all stack frames", "Click to hide stack frames")'>Click to show all stack frames</a>
<div class='stack-trace' id='stack-trace843867341'><pre>org.testng.internal.thread.ThreadTimeoutException: Method com.TestNG.pckg.ExceptionTimeOutTest.infiniteLoopTest() didn&apos;t finish within the time-out 2000
	at java.base@11.0.2/java.io.FileOutputStream.writeBytes(Native Method)
	at java.base@11.0.2/java.io.FileOutputStream.write(FileOutputStream.java:354)
	at java.base@11.0.2/java.io.BufferedOutputStream.flushBuffer(BufferedOutputStream.java:81)
	at java.base@11.0.2/java.io.BufferedOutputStream.flush(BufferedOutputStream.java:142)
	at java.base@11.0.2/java.io.PrintStream.write(PrintStream.java:561)
	at java.base@11.0.2/sun.nio.cs.StreamEncoder.writeBytes(StreamEncoder.java:233)
	at java.base@11.0.2/sun.nio.cs.StreamEncoder.implFlushBuffer(StreamEncoder.java:312)
	at java.base@11.0.2/sun.nio.cs.StreamEncoder.flushBuffer(StreamEncoder.java:104)
	at java.base@11.0.2/java.io.OutputStreamWriter.flushBuffer(OutputStreamWriter.java:184)
	at java.base@11.0.2/java.io.PrintStream.write(PrintStream.java:606)
	at java.base@11.0.2/java.io.PrintStream.print(PrintStream.java:676)
	at java.base@11.0.2/java.io.PrintStream.println(PrintStream.java:812)
	at app//com.TestNG.pckg.ExceptionTimeOutTest.infiniteLoopTest(ExceptionTimeOutTest.java:13)
	at java.base@11.0.2/jdk.internal.reflect.NativeMethodAccessorImpl.invoke0(Native Method)
	at java.base@11.0.2/jdk.internal.reflect.NativeMethodAccessorImpl.invoke(NativeMethodAccessorImpl.java:62)
	at java.base@11.0.2/jdk.internal.reflect.DelegatingMethodAccessorImpl.invoke(DelegatingMethodAccessorImpl.java:43)
	at java.base@11.0.2/java.lang.reflect.Method.invoke(Method.java:566)
	at app//org.testng.internal.MethodInvocationHelper.invokeMethod(MethodInvocationHelper.java:124)
	at app//org.testng.internal.InvokeMethodRunnable.runOne(InvokeMethodRunnable.java:54)
	at app//org.testng.internal.InvokeMethodRunnable.run(InvokeMethodRunnable.java:44)
	at java.base@11.0.2/java.util.concurrent.Executors$RunnableAdapter.call(Executors.java:515)
	at java.base@11.0.2/java.util.concurrent.FutureTask.run(FutureTask.java:264)
	at java.base@11.0.2/java.util.concurrent.ThreadPoolExecutor.runWorker(ThreadPoolExecutor.java:1128)
	at java.base@11.0.2/java.util.concurrent.ThreadPoolExecutor$Worker.run(ThreadPoolExecutor.java:628)
	at java.base@11.0.2/java.lang.Thread.run(Thread.java:834)
</pre></div></td>
<td>2</td>
<td>com.TestNG.pckg.ExceptionTimeOutTest@32b260fa</td></tr>
<tr>
<td title='com.TestNG.pckg.TestNGBasics.test2()'><b>test2</b><br>Test class: com.TestNG.pckg.TestNGBasics</td>
<td><div><pre>java.lang.AssertionError: expected:&lt;true&gt; but was:&lt;Gmail&gt;
	at com.TestNG.pckg.TestNGBasics.test2(TestNGBasics.java:74)
... Removed 29 stack frames</pre></div><a href='#' onClick='toggleBox("stack-trace540092563", this, "Click to show all stack frames", "Click to hide stack frames")'>Click to show all stack frames</a>
<div class='stack-trace' id='stack-trace540092563'><pre>java.lang.AssertionError: expected:&lt;true&gt; but was:&lt;Gmail&gt;
	at org.testng.AssertJUnit.fail(AssertJUnit.java:59)
	at org.testng.AssertJUnit.failNotEquals(AssertJUnit.java:364)
	at org.testng.AssertJUnit.assertEquals(AssertJUnit.java:80)
	at org.testng.AssertJUnit.assertEquals(AssertJUnit.java:88)
	at com.TestNG.pckg.TestNGBasics.test2(TestNGBasics.java:74)
	at java.base/jdk.internal.reflect.NativeMethodAccessorImpl.invoke0(Native Method)
	at java.base/jdk.internal.reflect.NativeMethodAccessorImpl.invoke(NativeMethodAccessorImpl.java:62)
	at java.base/jdk.internal.reflect.DelegatingMethodAccessorImpl.invoke(DelegatingMethodAccessorImpl.java:43)
	at java.base/java.lang.reflect.Method.invoke(Method.java:566)
	at org.testng.internal.MethodInvocationHelper.invokeMethod(MethodInvocationHelper.java:124)
	at org.testng.internal.Invoker.invokeMethod(Invoker.java:583)
	at org.testng.internal.Invoker.invokeTestMethod(Invoker.java:719)
	at org.testng.internal.Invoker.invokeTestMethods(Invoker.java:989)
	at org.testng.internal.TestMethodWorker.invokeTestMethods(TestMethodWorker.java:125)
	at org.testng.internal.TestMethodWorker.run(TestMethodWorker.java:109)
	at org.testng.TestRunner.privateRun(TestRunner.java:648)
	at org.testng.TestRunner.run(TestRunner.java:505)
	at org.testng.SuiteRunner.runTest(SuiteRunner.java:455)
	at org.testng.SuiteRunner.runSequentially(SuiteRunner.java:450)
	at org.testng.SuiteRunner.privateRun(SuiteRunner.java:415)
	at org.testng.SuiteRunner.run(SuiteRunner.java:364)
	at org.testng.SuiteRunnerWorker.runSuite(SuiteRunnerWorker.java:52)
	at org.testng.SuiteRunnerWorker.run(SuiteRunnerWorker.java:84)
	at org.testng.TestNG.runSuitesSequentially(TestNG.java:1208)
	at org.testng.TestNG.runSuitesLocally(TestNG.java:1137)
	at org.testng.TestNG.runSuites(TestNG.java:1049)
	at org.testng.TestNG.run(TestNG.java:1017)
	at org.testng.remote.AbstractRemoteTestNG.run(AbstractRemoteTestNG.java:115)
	at org.testng.remote.RemoteTestNG.initAndRun(RemoteTestNG.java:251)
	at org.testng.remote.RemoteTestNG.main(RemoteTestNG.java:77)
</pre></div></td>
<td>3</td>
<td>com.TestNG.pckg.TestNGBasics@1b1426f4</td></tr>
</table><p>
<table width='100%' border='1' class='invocation-passed'>
<tr><td colspan='4' align='center'><b>PASSED TESTS</b></td></tr>
<tr><td><b>Test method</b></td>
<td width="30%"><b>Exception</b></td>
<td width="10%"><b>Time (seconds)</b></td>
<td><b>Instance</b></td>
</tr>
<tr>
<td title='com.TestNG.pckg.TestNGBasics2.googleLogoTest()'><b>googleLogoTest</b><br>Test class: com.TestNG.pckg.TestNGBasics2</td>
<td></td>
<td>0</td>
<td>com.TestNG.pckg.TestNGBasics2@28f3b248</td></tr>
<tr>
<td title='com.TestNG.pckg.GoogleTest.googleLogoTest()'><b>googleLogoTest</b><br>Test class: com.TestNG.pckg.GoogleTest</td>
<td></td>
<td>0</td>
<td>com.TestNG.pckg.GoogleTest@581ac8a8</td></tr>
<tr>
<td title='com.TestNG.pckg.TestNGBasics2.googleSearchTest()'><b>googleSearchTest</b><br>Test class: com.TestNG.pckg.TestNGBasics2</td>
<td></td>
<td>0</td>
<td>com.TestNG.pckg.TestNGBasics2@28f3b248</td></tr>
<tr>
<td title='com.TestNG.pckg.TestNGBasics2.googleTitleTest()'><b>googleTitleTest</b><br>Test class: com.TestNG.pckg.TestNGBasics2</td>
<td></td>
<td>0</td>
<td>com.TestNG.pckg.TestNGBasics2@28f3b248</td></tr>
<tr>
<td title='com.TestNG.pckg.GoogleTest.googleTitleTest()'><b>googleTitleTest</b><br>Test class: com.TestNG.pckg.GoogleTest</td>
<td></td>
<td>0</td>
<td>com.TestNG.pckg.GoogleTest@581ac8a8</td></tr>
<tr>
<td title='com.TestNG.pckg.GoogleTest.searchTest()'><b>searchTest</b><br>Test class: com.TestNG.pckg.GoogleTest</td>
<td></td>
<td>0</td>
<td>com.TestNG.pckg.GoogleTest@581ac8a8</td></tr>
<tr>
<td title='com.TestNG.pckg.InvocationCount.sum()'><b>sum</b><br>Test class: com.TestNG.pckg.InvocationCount</td>
<td></td>
<td>0</td>
<td>com.TestNG.pckg.InvocationCount@6d4e5011</td></tr>
<tr>
<td title='com.TestNG.pckg.InvocationCount.sum()'><b>sum</b><br>Test class: com.TestNG.pckg.InvocationCount</td>
<td></td>
<td>0</td>
<td>com.TestNG.pckg.InvocationCount@6d4e5011</td></tr>
<tr>
<td title='com.TestNG.pckg.InvocationCount.sum()'><b>sum</b><br>Test class: com.TestNG.pckg.InvocationCount</td>
<td></td>
<td>0</td>
<td>com.TestNG.pckg.InvocationCount@6d4e5011</td></tr>
<tr>
<td title='com.TestNG.pckg.InvocationCount.sum()'><b>sum</b><br>Test class: com.TestNG.pckg.InvocationCount</td>
<td></td>
<td>0</td>
<td>com.TestNG.pckg.InvocationCount@6d4e5011</td></tr>
<tr>
<td title='com.TestNG.pckg.InvocationCount.sum()'><b>sum</b><br>Test class: com.TestNG.pckg.InvocationCount</td>
<td></td>
<td>0</td>
<td>com.TestNG.pckg.InvocationCount@6d4e5011</td></tr>
<tr>
<td title='com.TestNG.pckg.TestNGFeatures.test1()'><b>test1</b><br>Test class: com.TestNG.pckg.TestNGFeatures</td>
<td></td>
<td>0</td>
<td>com.TestNG.pckg.TestNGFeatures@57d7f8ca</td></tr>
<tr>
<td title='com.TestNG.pckg.TestNGBasics.test1()'><b>test1</b><br>Test class: com.TestNG.pckg.TestNGBasics</td>
<td></td>
<td>1</td>
<td>com.TestNG.pckg.TestNGBasics@1b1426f4</td></tr>
<tr>
<td title='com.TestNG.pckg.TestNGFeatures.test2()'><b>test2</b><br>Test class: com.TestNG.pckg.TestNGFeatures</td>
<td></td>
<td>0</td>
<td>com.TestNG.pckg.TestNGFeatures@57d7f8ca</td></tr>
</table><p>
</body>
</html>